<?xml version="1.0" encoding="UTF-8" ?>
<testsuites name="vitest tests" tests="110" failures="12" errors="0" time="0.456238441">
    <testsuite name="src/lib/__tests__/environment.test.ts" timestamp="2026-02-04T09:19:21.171Z" hostname="runnervmkj6or" tests="6" failures="0" errors="0" skipped="0" time="0.015123976">
        <testcase classname="src/lib/__tests__/environment.test.ts" name="environment &gt; isProduction returns true when NEXT_PUBLIC_VERCEL_URL matches production" time="0.00872236">
        </testcase>
        <testcase classname="src/lib/__tests__/environment.test.ts" name="environment &gt; isProduction returns true when VERCEL_URL matches production" time="0.000812828">
        </testcase>
        <testcase classname="src/lib/__tests__/environment.test.ts" name="environment &gt; isProduction returns false for non-production URLs" time="0.000888378">
        </testcase>
        <testcase classname="src/lib/__tests__/environment.test.ts" name="environment &gt; getTestDataValue returns inverse of isProduction" time="0.000711721">
        </testcase>
        <testcase classname="src/lib/__tests__/environment.test.ts" name="environment &gt; isTestMode returns true in non-production" time="0.000706561">
        </testcase>
        <testcase classname="src/lib/__tests__/environment.test.ts" name="environment &gt; getEnvironmentName returns correct names" time="0.000720687">
        </testcase>
    </testsuite>
    <testsuite name="src/lib/__tests__/errors.test.ts" timestamp="2026-02-04T09:19:21.173Z" hostname="runnervmkj6or" tests="6" failures="0" errors="0" skipped="0" time="0.011030843">
        <testcase classname="src/lib/__tests__/errors.test.ts" name="AppError &gt; creates an error with code, message, and statusCode" time="0.002159175">
        </testcase>
        <testcase classname="src/lib/__tests__/errors.test.ts" name="AppError &gt; defaults statusCode to 500" time="0.000208687">
        </testcase>
        <testcase classname="src/lib/__tests__/errors.test.ts" name="apiError &gt; returns a NextResponse with consistent error shape" time="0.005194967">
        </testcase>
        <testcase classname="src/lib/__tests__/errors.test.ts" name="apiError &gt; defaults to 500 status" time="0.000288364">
        </testcase>
        <testcase classname="src/lib/__tests__/errors.test.ts" name="apiSuccess &gt; returns a NextResponse with data" time="0.000504105">
        </testcase>
        <testcase classname="src/lib/__tests__/errors.test.ts" name="apiSuccess &gt; supports custom status codes" time="0.00025887">
        </testcase>
    </testsuite>
    <testsuite name="src/lib/__tests__/example.test.ts" timestamp="2026-02-04T09:19:21.174Z" hostname="runnervmkj6or" tests="4" failures="0" errors="0" skipped="0" time="0.009222037">
        <testcase classname="src/lib/__tests__/example.test.ts" name="cn utility &gt; merges class names correctly" time="0.006963328">
        </testcase>
        <testcase classname="src/lib/__tests__/example.test.ts" name="cn utility &gt; handles conditional classes" time="0.000230598">
        </testcase>
        <testcase classname="src/lib/__tests__/example.test.ts" name="cn utility &gt; handles undefined and null" time="0.00015642">
        </testcase>
        <testcase classname="src/lib/__tests__/example.test.ts" name="Example &gt; should pass basic math" time="0.000126023">
        </testcase>
    </testsuite>
    <testsuite name="src/lib/__tests__/format.test.ts" timestamp="2026-02-04T09:19:21.176Z" hostname="runnervmkj6or" tests="14" failures="0" errors="0" skipped="0" time="0.254970228">
        <testcase classname="src/lib/__tests__/format.test.ts" name="formatDate &gt; returns &apos;Posted today&apos; for today&apos;s date" time="0.003268133">
        </testcase>
        <testcase classname="src/lib/__tests__/format.test.ts" name="formatDate &gt; returns &apos;Posted 1 day ago&apos; for yesterday" time="0.002808991">
        </testcase>
        <testcase classname="src/lib/__tests__/format.test.ts" name="formatDate &gt; returns &apos;Posted N days ago&apos; for older dates" time="0.000527459">
        </testcase>
        <testcase classname="src/lib/__tests__/format.test.ts" name="formatTimeAgo &gt; returns &apos;Just now&apos; for very recent dates" time="0.000362713">
        </testcase>
        <testcase classname="src/lib/__tests__/format.test.ts" name="formatTimeAgo &gt; returns minutes for &lt; 60 min" time="0.000540482">
        </testcase>
        <testcase classname="src/lib/__tests__/format.test.ts" name="formatTimeAgo &gt; returns singular minute" time="0.000509796">
        </testcase>
        <testcase classname="src/lib/__tests__/format.test.ts" name="formatTimeAgo &gt; returns hours for &lt; 24 hours" time="0.000510277">
        </testcase>
        <testcase classname="src/lib/__tests__/format.test.ts" name="formatTimeAgo &gt; returns days for &lt; 7 days" time="0.000476513">
        </testcase>
        <testcase classname="src/lib/__tests__/format.test.ts" name="formatTimeAgo &gt; returns locale date string for &gt;= 7 days" time="0.241231533">
        </testcase>
        <testcase classname="src/lib/__tests__/format.test.ts" name="getInitials &gt; returns &apos;U&apos; for null name" time="0.000296931">
        </testcase>
        <testcase classname="src/lib/__tests__/format.test.ts" name="getInitials &gt; returns single initial for single name" time="0.000228754">
        </testcase>
        <testcase classname="src/lib/__tests__/format.test.ts" name="getInitials &gt; returns two initials for full name" time="0.000194892">
        </testcase>
        <testcase classname="src/lib/__tests__/format.test.ts" name="getInitials &gt; returns at most two initials for long names" time="0.000185414">
        </testcase>
        <testcase classname="src/lib/__tests__/format.test.ts" name="getInitials &gt; returns uppercase initials" time="0.000863131">
        </testcase>
    </testsuite>
    <testsuite name="src/lib/ai/__tests__/embeddings.test.ts" timestamp="2026-02-04T09:19:21.179Z" hostname="runnervmkj6or" tests="18" failures="12" errors="0" skipped="0" time="0.041434402">
        <testcase classname="src/lib/ai/__tests__/embeddings.test.ts" name="embeddings &gt; validateEmbedding &gt; returns true for valid 1536-dimensional embedding" time="0.002713043">
        </testcase>
        <testcase classname="src/lib/ai/__tests__/embeddings.test.ts" name="embeddings &gt; validateEmbedding &gt; returns false for null embedding" time="0.000249022">
        </testcase>
        <testcase classname="src/lib/ai/__tests__/embeddings.test.ts" name="embeddings &gt; validateEmbedding &gt; returns false for wrong dimension embedding" time="0.000208015">
        </testcase>
        <testcase classname="src/lib/ai/__tests__/embeddings.test.ts" name="embeddings &gt; validateEmbedding &gt; returns false for empty array" time="0.00021012">
        </testcase>
        <testcase classname="src/lib/ai/__tests__/embeddings.test.ts" name="embeddings &gt; validateEmbedding &gt; returns false for non-array values" time="0.000252248">
        </testcase>
        <testcase classname="src/lib/ai/__tests__/embeddings.test.ts" name="embeddings &gt; generateEmbedding &gt; throws error for empty text" time="0.011070656">
            <failure message="expected [Function] to throw error including &apos;Text cannot be empty&apos; but got &apos;OPENAI_API_KEY environment variable i…&apos;" type="AssertionError">
AssertionError: expected [Function] to throw error including &apos;Text cannot be empty&apos; but got &apos;OPENAI_API_KEY environment variable i…&apos;

Expected: &quot;Text cannot be empty&quot;
Received: &quot;OPENAI_API_KEY environment variable is not set&quot;
            </failure>
        </testcase>
        <testcase classname="src/lib/ai/__tests__/embeddings.test.ts" name="embeddings &gt; generateEmbedding &gt; calls OpenAI API with correct endpoint and method" time="0.006716036">
            <failure message="OPENAI_API_KEY environment variable is not set" type="Error">
Error: OPENAI_API_KEY environment variable is not set
 ❯ generateEmbedding src/lib/ai/embeddings.ts:24:11
 ❯ src/lib/ai/__tests__/embeddings.test.ts:65:28
            </failure>
        </testcase>
        <testcase classname="src/lib/ai/__tests__/embeddings.test.ts" name="embeddings &gt; generateEmbedding &gt; trims input text before sending" time="0.000642712">
            <failure message="OPENAI_API_KEY environment variable is not set" type="Error">
Error: OPENAI_API_KEY environment variable is not set
 ❯ generateEmbedding src/lib/ai/embeddings.ts:24:11
 ❯ src/lib/ai/__tests__/embeddings.test.ts:93:13
            </failure>
        </testcase>
        <testcase classname="src/lib/ai/__tests__/embeddings.test.ts" name="embeddings &gt; generateEmbedding &gt; throws error on API failure" time="0.001488461">
            <failure message="expected [Function] to throw error including &apos;OpenAI API error: 401&apos; but got &apos;OPENAI_API_KEY environment variable i…&apos;" type="AssertionError">
AssertionError: expected [Function] to throw error including &apos;OpenAI API error: 401&apos; but got &apos;OPENAI_API_KEY environment variable i…&apos;

Expected: &quot;OpenAI API error: 401&quot;
Received: &quot;OPENAI_API_KEY environment variable is not set&quot;
            </failure>
        </testcase>
        <testcase classname="src/lib/ai/__tests__/embeddings.test.ts" name="embeddings &gt; generateEmbedding &gt; throws error on invalid response format" time="0.003301455">
            <failure message="expected [Function] to throw error including &apos;Invalid embedding response from OpenA…&apos; but got &apos;OPENAI_API_KEY environment variable i…&apos;" type="AssertionError">
AssertionError: expected [Function] to throw error including &apos;Invalid embedding response from OpenA…&apos; but got &apos;OPENAI_API_KEY environment variable i…&apos;

Expected: &quot;Invalid embedding response from OpenAI API&quot;
Received: &quot;OPENAI_API_KEY environment variable is not set&quot;
            </failure>
        </testcase>
        <testcase classname="src/lib/ai/__tests__/embeddings.test.ts" name="embeddings &gt; generateEmbedding &gt; throws error on wrong embedding dimension" time="0.001664327">
            <failure message="expected [Function] to throw error including &apos;Expected embedding dimension 1536, go…&apos; but got &apos;OPENAI_API_KEY environment variable i…&apos;" type="AssertionError">
AssertionError: expected [Function] to throw error including &apos;Expected embedding dimension 1536, go…&apos; but got &apos;OPENAI_API_KEY environment variable i…&apos;

Expected: &quot;Expected embedding dimension 1536, got 768&quot;
Received: &quot;OPENAI_API_KEY environment variable is not set&quot;
            </failure>
        </testcase>
        <testcase classname="src/lib/ai/__tests__/embeddings.test.ts" name="embeddings &gt; generateProfileEmbedding &gt; combines profile fields into embedding text" time="0.000776881">
            <failure message="OPENAI_API_KEY environment variable is not set" type="Error">
Error: OPENAI_API_KEY environment variable is not set
 ❯ generateEmbedding src/lib/ai/embeddings.ts:24:11
 ❯ generateProfileEmbedding src/lib/ai/embeddings.ts:108:10
 ❯ src/lib/ai/__tests__/embeddings.test.ts:149:13
            </failure>
        </testcase>
        <testcase classname="src/lib/ai/__tests__/embeddings.test.ts" name="embeddings &gt; generateProfileEmbedding &gt; handles null fields gracefully" time="0.003481698">
            <failure message="OPENAI_API_KEY environment variable is not set" type="Error">
Error: OPENAI_API_KEY environment variable is not set
 ❯ generateEmbedding src/lib/ai/embeddings.ts:24:11
 ❯ generateProfileEmbedding src/lib/ai/embeddings.ts:108:10
 ❯ src/lib/ai/__tests__/embeddings.test.ts:172:13
            </failure>
        </testcase>
        <testcase classname="src/lib/ai/__tests__/embeddings.test.ts" name="embeddings &gt; generateProfileEmbedding &gt; handles empty arrays" time="0.000616835">
            <failure message="OPENAI_API_KEY environment variable is not set" type="Error">
Error: OPENAI_API_KEY environment variable is not set
 ❯ generateEmbedding src/lib/ai/embeddings.ts:24:11
 ❯ generateProfileEmbedding src/lib/ai/embeddings.ts:108:10
 ❯ src/lib/ai/__tests__/embeddings.test.ts:190:13
            </failure>
        </testcase>
        <testcase classname="src/lib/ai/__tests__/embeddings.test.ts" name="embeddings &gt; generateProfileEmbedding &gt; throws error when all fields are empty" time="0.00082443">
        </testcase>
        <testcase classname="src/lib/ai/__tests__/embeddings.test.ts" name="embeddings &gt; generateProjectEmbedding &gt; combines project fields into embedding text" time="0.000884009">
            <failure message="OPENAI_API_KEY environment variable is not set" type="Error">
Error: OPENAI_API_KEY environment variable is not set
 ❯ generateEmbedding src/lib/ai/embeddings.ts:24:11
 ❯ generateProjectEmbedding src/lib/ai/embeddings.ts:131:10
 ❯ src/lib/ai/__tests__/embeddings.test.ts:218:13
            </failure>
        </testcase>
        <testcase classname="src/lib/ai/__tests__/embeddings.test.ts" name="embeddings &gt; generateProjectEmbedding &gt; handles null required skills" time="0.000670173">
            <failure message="OPENAI_API_KEY environment variable is not set" type="Error">
Error: OPENAI_API_KEY environment variable is not set
 ❯ generateEmbedding src/lib/ai/embeddings.ts:24:11
 ❯ generateProjectEmbedding src/lib/ai/embeddings.ts:131:10
 ❯ src/lib/ai/__tests__/embeddings.test.ts:239:13
            </failure>
        </testcase>
        <testcase classname="src/lib/ai/__tests__/embeddings.test.ts" name="embeddings &gt; generateProjectEmbedding &gt; handles empty required skills array" time="0.00104043">
            <failure message="OPENAI_API_KEY environment variable is not set" type="Error">
Error: OPENAI_API_KEY environment variable is not set
 ❯ generateEmbedding src/lib/ai/embeddings.ts:24:11
 ❯ generateProjectEmbedding src/lib/ai/embeddings.ts:131:10
 ❯ src/lib/ai/__tests__/embeddings.test.ts:254:13
            </failure>
        </testcase>
    </testsuite>
    <testsuite name="src/lib/api/__tests__/with-auth.test.ts" timestamp="2026-02-04T09:19:21.188Z" hostname="runnervmkj6or" tests="6" failures="0" errors="0" skipped="0" time="0.033663538">
        <testcase classname="src/lib/api/__tests__/with-auth.test.ts" name="withAuth &gt; returns 401 when user is not authenticated" time="0.012745524">
        </testcase>
        <testcase classname="src/lib/api/__tests__/with-auth.test.ts" name="withAuth &gt; returns 401 when getUser returns error" time="0.000691333">
        </testcase>
        <testcase classname="src/lib/api/__tests__/with-auth.test.ts" name="withAuth &gt; passes user and supabase to handler when authenticated" time="0.001698701">
        </testcase>
        <testcase classname="src/lib/api/__tests__/with-auth.test.ts" name="withAuth &gt; resolves route params from Promise" time="0.000822706">
        </testcase>
        <testcase classname="src/lib/api/__tests__/with-auth.test.ts" name="withAuth &gt; handles empty params when no route context provided" time="0.000628276">
        </testcase>
        <testcase classname="src/lib/api/__tests__/with-auth.test.ts" name="withAuth &gt; catches handler errors and returns 500" time="0.014362374">
            <system-err>
Route handler error: Error: Database connection failed
    at [90m/home/runner/work/MeshIt/MeshIt/[39msrc/lib/api/__tests__/with-auth.test.ts:123:13
    at Mock [90m(file:///home/runner/work/MeshIt/MeshIt/[39mnode_modules/[4m.pnpm[24m/@vitest+spy@4.0.18/node_modules/[4m@vitest/spy[24m/dist/index.js:285:34[90m)[39m
    at fn [90m(/home/runner/work/MeshIt/MeshIt/[39msrc/lib/api/with-auth.ts:45:20[90m)[39m
[90m    at processTicksAndRejections (node:internal/process/task_queues:95:5)[39m
    at [90m/home/runner/work/MeshIt/MeshIt/[39msrc/lib/api/__tests__/with-auth.test.ts:128:22
    at [90mfile:///home/runner/work/MeshIt/MeshIt/[39mnode_modules/[4m.pnpm[24m/@vitest+runner@4.0.18/node_modules/[4m@vitest/runner[24m/dist/index.js:915:20

            </system-err>
        </testcase>
    </testsuite>
    <testsuite name="src/lib/matching/__tests__/matching.test.ts" timestamp="2026-02-04T09:19:21.190Z" hostname="runnervmkj6or" tests="12" failures="0" errors="0" skipped="0" time="0.039610509">
        <testcase classname="src/lib/matching/__tests__/matching.test.ts" name="matchProfileToProjects &gt; fetches user profile embedding and calls RPC function" time="0.007568991">
        </testcase>
        <testcase classname="src/lib/matching/__tests__/matching.test.ts" name="matchProfileToProjects &gt; throws error when profile not found" time="0.002345651">
        </testcase>
        <testcase classname="src/lib/matching/__tests__/matching.test.ts" name="matchProfileToProjects &gt; throws error when profile has no embedding" time="0.013848689">
            <system-err>
Could not generate profile embedding: Error: API key not configured
    at [90m/home/runner/work/MeshIt/MeshIt/[39msrc/lib/matching/__tests__/matching.test.ts:14:11
    at Mock [90m(file:///home/runner/work/MeshIt/MeshIt/[39mnode_modules/[4m.pnpm[24m/@vitest+spy@4.0.18/node_modules/[4m@vitest/spy[24m/dist/index.js:285:34[90m)[39m
    at Module.matchProfileToProjects [90m(/home/runner/work/MeshIt/MeshIt/[39msrc/lib/matching/profile-to-project.ts:48:25[90m)[39m
[90m    at processTicksAndRejections (node:internal/process/task_queues:95:5)[39m
    at [90m/home/runner/work/MeshIt/MeshIt/[39msrc/lib/matching/__tests__/matching.test.ts:168:5
    at [90mfile:///home/runner/work/MeshIt/MeshIt/[39mnode_modules/[4m.pnpm[24m/@vitest+runner@4.0.18/node_modules/[4m@vitest/runner[24m/dist/index.js:915:20

            </system-err>
        </testcase>
        <testcase classname="src/lib/matching/__tests__/matching.test.ts" name="matchProfileToProjects &gt; returns empty array when no matches found" time="0.000527648">
        </testcase>
        <testcase classname="src/lib/matching/__tests__/matching.test.ts" name="matchProfileToProjects &gt; respects limit parameter" time="0.002689199">
        </testcase>
        <testcase classname="src/lib/matching/__tests__/matching.test.ts" name="matchProjectToProfiles &gt; fetches project embedding and calls RPC function" time="0.001645242">
        </testcase>
        <testcase classname="src/lib/matching/__tests__/matching.test.ts" name="matchProjectToProfiles &gt; throws error when project not found" time="0.000551924">
        </testcase>
        <testcase classname="src/lib/matching/__tests__/matching.test.ts" name="matchProjectToProfiles &gt; throws error when project has no embedding" time="0.001972219">
            <system-err>
Could not generate project embedding: Error: API key not configured
    at [90m/home/runner/work/MeshIt/MeshIt/[39msrc/lib/matching/__tests__/matching.test.ts:17:11
    at Mock [90m(file:///home/runner/work/MeshIt/MeshIt/[39mnode_modules/[4m.pnpm[24m/@vitest+spy@4.0.18/node_modules/[4m@vitest/spy[24m/dist/index.js:285:34[90m)[39m
    at Module.matchProjectToProfiles [90m(/home/runner/work/MeshIt/MeshIt/[39msrc/lib/matching/project-to-profile.ts:48:25[90m)[39m
[90m    at processTicksAndRejections (node:internal/process/task_queues:95:5)[39m
    at [90m/home/runner/work/MeshIt/MeshIt/[39msrc/lib/matching/__tests__/matching.test.ts:367:5
    at [90mfile:///home/runner/work/MeshIt/MeshIt/[39mnode_modules/[4m.pnpm[24m/@vitest+runner@4.0.18/node_modules/[4m@vitest/runner[24m/dist/index.js:915:20

            </system-err>
        </testcase>
        <testcase classname="src/lib/matching/__tests__/matching.test.ts" name="createMatchRecords &gt; creates match records for new matches" time="0.000895732">
        </testcase>
        <testcase classname="src/lib/matching/__tests__/matching.test.ts" name="createMatchRecords &gt; skips matches that already exist" time="0.000579185">
        </testcase>
        <testcase classname="src/lib/matching/__tests__/matching.test.ts" name="createMatchRecords &gt; does nothing with empty matches array" time="0.000366621">
        </testcase>
        <testcase classname="src/lib/matching/__tests__/matching.test.ts" name="createMatchRecordsForProject &gt; creates match records for project matches" time="0.000815473">
        </testcase>
    </testsuite>
    <testsuite name="src/lib/matching/__tests__/similarity.test.ts" timestamp="2026-02-04T09:19:21.192Z" hostname="runnervmkj6or" tests="44" failures="0" errors="0" skipped="0" time="0.051182908">
        <testcase classname="src/lib/matching/__tests__/similarity.test.ts" name="similarity &gt; cosineSimilarity &gt; returns 1 for identical vectors" time="0.001861984">
        </testcase>
        <testcase classname="src/lib/matching/__tests__/similarity.test.ts" name="similarity &gt; cosineSimilarity &gt; returns -1 for opposite vectors" time="0.000214698">
        </testcase>
        <testcase classname="src/lib/matching/__tests__/similarity.test.ts" name="similarity &gt; cosineSimilarity &gt; returns 0 for orthogonal vectors" time="0.000156921">
        </testcase>
        <testcase classname="src/lib/matching/__tests__/similarity.test.ts" name="similarity &gt; cosineSimilarity &gt; returns same result regardless of magnitude" time="0.000144087">
        </testcase>
        <testcase classname="src/lib/matching/__tests__/similarity.test.ts" name="similarity &gt; cosineSimilarity &gt; handles normalized vectors correctly" time="0.000262147">
        </testcase>
        <testcase classname="src/lib/matching/__tests__/similarity.test.ts" name="similarity &gt; cosineSimilarity &gt; throws error for mismatched dimensions" time="0.001229811">
        </testcase>
        <testcase classname="src/lib/matching/__tests__/similarity.test.ts" name="similarity &gt; cosineSimilarity &gt; throws error for empty vectors" time="0.000271413">
        </testcase>
        <testcase classname="src/lib/matching/__tests__/similarity.test.ts" name="similarity &gt; cosineSimilarity &gt; handles zero vectors" time="0.000278847">
        </testcase>
        <testcase classname="src/lib/matching/__tests__/similarity.test.ts" name="similarity &gt; cosineSimilarity &gt; calculates similarity for high-dimensional vectors" time="0.00111598">
        </testcase>
        <testcase classname="src/lib/matching/__tests__/similarity.test.ts" name="similarity &gt; cosineSimilarity &gt; matches expected values for known test case" time="0.000181347">
        </testcase>
        <testcase classname="src/lib/matching/__tests__/similarity.test.ts" name="similarity &gt; cosineDistance &gt; returns 0 for identical vectors" time="0.000197987">
        </testcase>
        <testcase classname="src/lib/matching/__tests__/similarity.test.ts" name="similarity &gt; cosineDistance &gt; returns 2 for opposite vectors" time="0.000150209">
        </testcase>
        <testcase classname="src/lib/matching/__tests__/similarity.test.ts" name="similarity &gt; cosineDistance &gt; returns 1 for orthogonal vectors" time="0.000141823">
        </testcase>
        <testcase classname="src/lib/matching/__tests__/similarity.test.ts" name="similarity &gt; distanceToSimilarity &gt; converts distance 0 to similarity 1" time="0.000189121">
        </testcase>
        <testcase classname="src/lib/matching/__tests__/similarity.test.ts" name="similarity &gt; distanceToSimilarity &gt; converts distance 1 to similarity 0" time="0.000132907">
        </testcase>
        <testcase classname="src/lib/matching/__tests__/similarity.test.ts" name="similarity &gt; distanceToSimilarity &gt; converts distance 2 to similarity -1" time="0.000124891">
        </testcase>
        <testcase classname="src/lib/matching/__tests__/similarity.test.ts" name="similarity &gt; distanceToSimilarity &gt; handles fractional distances" time="0.000165416">
        </testcase>
        <testcase classname="src/lib/matching/__tests__/similarity.test.ts" name="similarity &gt; normalizeVector &gt; normalizes to unit length" time="0.000228063">
        </testcase>
        <testcase classname="src/lib/matching/__tests__/similarity.test.ts" name="similarity &gt; normalizeVector &gt; handles already normalized vectors" time="0.000994916">
        </testcase>
        <testcase classname="src/lib/matching/__tests__/similarity.test.ts" name="similarity &gt; normalizeVector &gt; handles zero vector" time="0.000278778">
        </testcase>
        <testcase classname="src/lib/matching/__tests__/similarity.test.ts" name="similarity &gt; normalizeVector &gt; throws error for empty vector" time="0.000259151">
        </testcase>
        <testcase classname="src/lib/matching/__tests__/similarity.test.ts" name="similarity &gt; normalizeVector &gt; normalizes high-dimensional vectors" time="0.000493255">
        </testcase>
        <testcase classname="src/lib/matching/__tests__/similarity.test.ts" name="similarity &gt; euclideanDistance &gt; returns 0 for identical vectors" time="0.000246137">
        </testcase>
        <testcase classname="src/lib/matching/__tests__/similarity.test.ts" name="similarity &gt; euclideanDistance &gt; calculates correct distance for 2D vectors" time="0.000144929">
        </testcase>
        <testcase classname="src/lib/matching/__tests__/similarity.test.ts" name="similarity &gt; euclideanDistance &gt; throws error for mismatched dimensions" time="0.000620882">
        </testcase>
        <testcase classname="src/lib/matching/__tests__/similarity.test.ts" name="similarity &gt; findTopMatches &gt; returns matches sorted by similarity" time="0.001309649">
        </testcase>
        <testcase classname="src/lib/matching/__tests__/similarity.test.ts" name="similarity &gt; findTopMatches &gt; respects limit parameter" time="0.000240947">
        </testcase>
        <testcase classname="src/lib/matching/__tests__/similarity.test.ts" name="similarity &gt; findTopMatches &gt; excludes items with null embeddings" time="0.000606776">
        </testcase>
        <testcase classname="src/lib/matching/__tests__/similarity.test.ts" name="similarity &gt; findTopMatches &gt; handles empty candidates" time="0.000177539">
        </testcase>
        <testcase classname="src/lib/matching/__tests__/similarity.test.ts" name="similarity &gt; findTopMatches &gt; handles all null embeddings" time="0.000165668">
        </testcase>
        <testcase classname="src/lib/matching/__tests__/similarity.test.ts" name="similarity &gt; averageSimilarity &gt; calculates average for multiple vectors" time="0.000218405">
        </testcase>
        <testcase classname="src/lib/matching/__tests__/similarity.test.ts" name="similarity &gt; averageSimilarity &gt; returns 0 for empty array" time="0.000168744">
        </testcase>
        <testcase classname="src/lib/matching/__tests__/similarity.test.ts" name="similarity &gt; averageSimilarity &gt; returns similarity for single vector" time="0.000150209">
        </testcase>
        <testcase classname="src/lib/matching/__tests__/similarity.test.ts" name="similarity &gt; meetsThreshold &gt; returns true for similarity above threshold" time="0.000168142">
        </testcase>
        <testcase classname="src/lib/matching/__tests__/similarity.test.ts" name="similarity &gt; meetsThreshold &gt; returns true for similarity equal to threshold" time="0.000132606">
        </testcase>
        <testcase classname="src/lib/matching/__tests__/similarity.test.ts" name="similarity &gt; meetsThreshold &gt; returns false for similarity below threshold" time="0.000125443">
        </testcase>
        <testcase classname="src/lib/matching/__tests__/similarity.test.ts" name="similarity &gt; meetsThreshold &gt; uses default threshold of 0.7" time="0.00016148">
        </testcase>
        <testcase classname="src/lib/matching/__tests__/similarity.test.ts" name="similarity &gt; categorizeMatch &gt; categorizes excellent matches (&gt;= 0.9)" time="0.000352133">
        </testcase>
        <testcase classname="src/lib/matching/__tests__/similarity.test.ts" name="similarity &gt; categorizeMatch &gt; categorizes good matches (&gt;= 0.75, &lt; 0.9)" time="0.000216291">
        </testcase>
        <testcase classname="src/lib/matching/__tests__/similarity.test.ts" name="similarity &gt; categorizeMatch &gt; categorizes fair matches (&gt;= 0.5, &lt; 0.75)" time="0.000192627">
        </testcase>
        <testcase classname="src/lib/matching/__tests__/similarity.test.ts" name="similarity &gt; categorizeMatch &gt; categorizes poor matches (&lt; 0.5)" time="0.000222242">
        </testcase>
        <testcase classname="src/lib/matching/__tests__/similarity.test.ts" name="similarity - real-world scenarios &gt; similar skills have high similarity" time="0.001222267">
        </testcase>
        <testcase classname="src/lib/matching/__tests__/similarity.test.ts" name="similarity - real-world scenarios &gt; different skills have lower similarity" time="0.001326942">
        </testcase>
        <testcase classname="src/lib/matching/__tests__/similarity.test.ts" name="similarity - real-world scenarios &gt; handles batch matching performance" time="0.030988807">
        </testcase>
    </testsuite>
</testsuites>
